0 info it worked if it ends with ok
1 verbose cli [ 'node', '/usr/local/bin/npm', 'install', '-g', 'jekyll' ]
2 info using npm@1.4.14
3 info using node@v0.10.28
4 verbose node symlink /usr/local/bin/node
5 verbose cache add [ 'jekyll', null ]
6 verbose cache add name=undefined spec="jekyll" args=["jekyll",null]
7 verbose parsed url { protocol: null,
7 verbose parsed url   slashes: null,
7 verbose parsed url   auth: null,
7 verbose parsed url   host: null,
7 verbose parsed url   port: null,
7 verbose parsed url   hostname: null,
7 verbose parsed url   hash: null,
7 verbose parsed url   search: null,
7 verbose parsed url   query: null,
7 verbose parsed url   pathname: 'jekyll',
7 verbose parsed url   path: 'jekyll',
7 verbose parsed url   href: 'jekyll' }
8 silly lockFile bfc0b666-jekyll jekyll
9 verbose lock jekyll /Users/xueye/.npm/bfc0b666-jekyll.lock
10 silly lockFile bfc0b666-jekyll jekyll
11 silly lockFile bfc0b666-jekyll jekyll
12 verbose addNamed [ 'jekyll', '' ]
13 verbose addNamed [ null, '*' ]
14 silly lockFile c8fd568e-jekyll jekyll@
15 verbose lock jekyll@ /Users/xueye/.npm/c8fd568e-jekyll.lock
16 silly addNameRange { name: 'jekyll', range: '*', hasData: false }
17 verbose url raw jekyll
18 verbose url resolving [ 'https://registry.npmjs.org/', './jekyll' ]
19 verbose url resolved https://registry.npmjs.org/jekyll
20 info trying registry request attempt 1 at 16:58:10
21 http GET https://registry.npmjs.org/jekyll
22 http 404 https://registry.npmjs.org/jekyll
23 verbose headers { date: 'Mon, 22 Sep 2014 20:58:11 GMT',
23 verbose headers   server: 'CouchDB/1.5.0 (Erlang OTP/R16B03)',
23 verbose headers   'content-type': 'application/json',
23 verbose headers   'cache-control': 'max-age=0',
23 verbose headers   'content-length': '52',
23 verbose headers   'accept-ranges': 'bytes',
23 verbose headers   via: '1.1 varnish',
23 verbose headers   age: '0',
23 verbose headers   'x-served-by': 'cache-jfk1033-JFK',
23 verbose headers   'x-cache': 'MISS',
23 verbose headers   'x-cache-hits': '0',
23 verbose headers   'x-timer': 'S1411419491.592550,VS0,VE89',
23 verbose headers   'keep-alive': 'timeout=10, max=50',
23 verbose headers   connection: 'Keep-Alive' }
24 silly registry.get cb [ 404,
24 silly registry.get   { date: 'Mon, 22 Sep 2014 20:58:11 GMT',
24 silly registry.get     server: 'CouchDB/1.5.0 (Erlang OTP/R16B03)',
24 silly registry.get     'content-type': 'application/json',
24 silly registry.get     'cache-control': 'max-age=0',
24 silly registry.get     'content-length': '52',
24 silly registry.get     'accept-ranges': 'bytes',
24 silly registry.get     via: '1.1 varnish',
24 silly registry.get     age: '0',
24 silly registry.get     'x-served-by': 'cache-jfk1033-JFK',
24 silly registry.get     'x-cache': 'MISS',
24 silly registry.get     'x-cache-hits': '0',
24 silly registry.get     'x-timer': 'S1411419491.592550,VS0,VE89',
24 silly registry.get     'keep-alive': 'timeout=10, max=50',
24 silly registry.get     connection: 'Keep-Alive' } ]
25 silly lockFile c8fd568e-jekyll jekyll@
26 silly lockFile c8fd568e-jekyll jekyll@
27 error 404 404 Not Found: jekyll
27 error 404
27 error 404 'jekyll' is not in the npm registry.
27 error 404 You should bug the author to publish it
27 error 404
27 error 404 Note that you can also install from a
27 error 404 tarball, folder, or http url, or git url.
28 error System Darwin 13.3.0
29 error command "node" "/usr/local/bin/npm" "install" "-g" "jekyll"
30 error cwd /Users/xueye/Desktop/funnelfire-bootstrap
31 error node -v v0.10.28
32 error npm -v 1.4.14
33 error code E404
34 verbose exit [ 1, true ]
